<?xml version="1.0" encoding="UTF-8" ?>
<testsuite failures="0" time="0.179" errors="0" skipped="0" tests="65" name="net.sf.taverna.t2.activities.rest.URISignatureHandlerTest">
  <properties>
    <property name="java.runtime.name" value="Java(TM) SE Runtime Environment"/>
    <property name="sun.boot.library.path" value="/System/Library/Java/JavaVirtualMachines/1.6.0.jdk/Contents/Libraries"/>
    <property name="java.vm.version" value="20.10-b01-428"/>
    <property name="awt.nativeDoubleBuffering" value="true"/>
    <property name="gopherProxySet" value="false"/>
    <property name="mrj.build" value="10M3811"/>
    <property name="java.vm.vendor" value="Apple Inc."/>
    <property name="java.vendor.url" value="http://www.apple.com/"/>
    <property name="path.separator" value=":"/>
    <property name="java.vm.name" value="Java HotSpot(TM) 64-Bit Server VM"/>
    <property name="file.encoding.pkg" value="sun.io"/>
    <property name="user.country" value="US"/>
    <property name="sun.java.launcher" value="SUN_STANDARD"/>
    <property name="sun.os.patch.level" value="unknown"/>
    <property name="java.vm.specification.name" value="Java Virtual Machine Specification"/>
    <property name="user.dir" value="/Users/mib/Documents/taverna-workspace/maintenance/engine/net.sf.taverna.t2.activities/rest-activity"/>
    <property name="java.runtime.version" value="1.6.0_35-b10-428-10M3811"/>
    <property name="java.awt.graphicsenv" value="apple.awt.CGraphicsEnvironment"/>
    <property name="basedir" value="/Users/mib/Documents/taverna-workspace/maintenance/engine/net.sf.taverna.t2.activities/rest-activity"/>
    <property name="java.endorsed.dirs" value="/System/Library/Java/JavaVirtualMachines/1.6.0.jdk/Contents/Home/lib/endorsed"/>
    <property name="os.arch" value="x86_64"/>
    <property name="surefire.real.class.path" value="/Users/mib/Documents/taverna-workspace/maintenance/engine/net.sf.taverna.t2.activities/rest-activity/target/surefire/surefirebooter212666263180209988.jar"/>
    <property name="java.io.tmpdir" value="/var/folders/aD/aD6svkIWFmiMlDCTjCatBk+++TI/-Tmp-/"/>
    <property name="line.separator" value="
"/>
    <property name="java.vm.specification.vendor" value="Sun Microsystems Inc."/>
    <property name="os.name" value="Mac OS X"/>
    <property name="sun.jnu.encoding" value="MacRoman"/>
    <property name="java.library.path" value=".:/Library/Java/Extensions:/System/Library/Java/Extensions:/usr/lib/java"/>
    <property name="surefire.test.class.path" value="/Users/mib/Documents/taverna-workspace/maintenance/engine/net.sf.taverna.t2.activities/rest-activity/target/test-classes:/Users/mib/Documents/taverna-workspace/maintenance/engine/net.sf.taverna.t2.activities/rest-activity/target/classes:/Users/mib/Documents/taverna-workspace/maintenance/engine/net.sf.taverna.t2.core/workflowmodel-api/target/workflowmodel-api-1.4-SNAPSHOT.jar:/Users/mib/Documents/taverna-workspace/maintenance/engine/net.sf.taverna.t2.core/reference-api/target/reference-api-1.4-SNAPSHOT.jar:/Users/mib/.m2/repository/org/springframework/spring-tx/2.5.4/spring-tx-2.5.4.jar:/Users/mib/.m2/repository/org/springframework/spring-beans/2.5.4/spring-beans-2.5.4.jar:/Users/mib/.m2/repository/org/springframework/spring-core/2.5.4/spring-core-2.5.4.jar:/Users/mib/Documents/taverna-workspace/maintenance/engine/net.sf.taverna.t2.infrastructure/spi-discovery-api/target/spi-discovery-api-2.4-SNAPSHOT.jar:/Users/mib/Documents/taverna-workspace/maintenance/engine/net.sf.taverna.t2.infrastructure/raven-log4j/target/raven-log4j-2.4-SNAPSHOT.jar:/Users/mib/.m2/repository/org/jdom/jdom/1.1/jdom-1.1.jar:/Users/mib/Documents/taverna-workspace/maintenance/engine/net.sf.taverna.t2.activities/activity-test-utils/target/activity-test-utils-1.4-SNAPSHOT.jar:/Users/mib/Documents/taverna-workspace/maintenance/engine/net.sf.taverna.t2.core/workflowmodel-impl/target/workflowmodel-impl-1.4-SNAPSHOT.jar:/Users/mib/.m2/repository/com/thoughtworks/xstream/xstream/1.4.1/xstream-1.4.1.jar:/Users/mib/.m2/repository/xmlpull/xmlpull/1.1.3.1/xmlpull-1.1.3.1.jar:/Users/mib/.m2/repository/xpp3/xpp3_min/1.1.4c/xpp3_min-1.1.4c.jar:/Users/mib/Documents/taverna-workspace/maintenance/engine/net.sf.taverna.t2.core/reference-impl/target/reference-impl-1.4-SNAPSHOT.jar:/Users/mib/.m2/repository/org/hibernate/hibernate/3.2.5.ga.raven/hibernate-3.2.5.ga.raven.jar:/Users/mib/.m2/repository/dom4j/dom4j/1.6.1/dom4j-1.6.1.jar:/Users/mib/.m2/repository/cglib/cglib/2.1_3/cglib-2.1_3.jar:/Users/mib/.m2/repository/asm/asm/1.5.3/asm-1.5.3.jar:/Users/mib/.m2/repository/commons-collections/commons-collections/2.1.1/commons-collections-2.1.1.jar:/Users/mib/.m2/repository/geronimo-spec/geronimo-spec-jta/1.0-M1/geronimo-spec-jta-1.0-M1.jar:/Users/mib/.m2/repository/org/springframework/spring-context/2.5.4/spring-context-2.5.4.jar:/Users/mib/.m2/repository/aopalliance/aopalliance/1.0/aopalliance-1.0.jar:/Users/mib/.m2/repository/org/springframework/spring-orm/2.5.4/spring-orm-2.5.4.jar:/Users/mib/.m2/repository/org/springframework/spring-aop/2.5.4/spring-aop-2.5.4.jar:/Users/mib/.m2/repository/org/springframework/spring-jdbc/2.5.4/spring-jdbc-2.5.4.jar:/Users/mib/.m2/repository/org/aspectj/aspectjrt/1.6.9/aspectjrt-1.6.9.jar:/Users/mib/.m2/repository/org/aspectj/aspectjweaver/1.6.9/aspectjweaver-1.6.9.jar:/Users/mib/.m2/repository/antlr/antlr/2.7.7/antlr-2.7.7.jar:/Users/mib/Documents/taverna-workspace/maintenance/engine/net.sf.taverna.t2.core.reference-core-extensions/target/reference-core-extensions-1.4-SNAPSHOT.jar:/Users/mib/.m2/repository/commons-httpclient/commons-httpclient/3.1/commons-httpclient-3.1.jar:/Users/mib/.m2/repository/commons-codec/commons-codec/1.4/commons-codec-1.4.jar:/Users/mib/.m2/repository/org/apache/httpcomponents/httpclient/4.0.1/httpclient-4.0.1.jar:/Users/mib/.m2/repository/org/apache/httpcomponents/httpcore/4.0.1/httpcore-4.0.1.jar:/Users/mib/.m2/repository/commons-logging/commons-logging/1.1.1/commons-logging-1.1.1.jar:/Users/mib/Documents/taverna-workspace/maintenance/engine/net.sf.taverna.t2.security/credential-manager/target/credential-manager-1.4-SNAPSHOT.jar:/Users/mib/.m2/repository/bouncycastle/bcprov-jdk16/140/bcprov-jdk16-140.jar:/Users/mib/Documents/taverna-workspace/maintenance/engine/net.sf.taverna.t2.infrastructure/appconfig/target/appconfig-2.4-SNAPSHOT.jar:/Users/mib/Documents/taverna-workspace/maintenance/engine/net.sf.taverna.t2.infrastructure/launcher-api/target/launcher-api-2.4-SNAPSHOT.jar:/Users/mib/Documents/taverna-workspace/maintenance/engine/net.sf.taverna.t2.infrastructure/prelauncher/target/prelauncher-2.4-SNAPSHOT.jar:/Users/mib/.m2/repository/log4j/log4j/1.2.16/log4j-1.2.16.jar:/Users/mib/Documents/taverna-workspace/maintenance/ui/net.sf.taverna.t2.ui-api/report-api/target/report-api-1.4-SNAPSHOT.jar:/Users/mib/Documents/taverna-workspace/maintenance/ui/net.sf.taverna.t2.ui-api/file-api/target/file-api-1.4-SNAPSHOT.jar:/Users/mib/Documents/taverna-workspace/maintenance/ui/net.sf.taverna.t2.ui-api/edits-api/target/edits-api-1.4-SNAPSHOT.jar:/Users/mib/Documents/taverna-workspace/maintenance/ui/net.sf.taverna.t2.ui-api/configuration-api/target/configuration-api-1.4-SNAPSHOT.jar:/Users/mib/.m2/repository/net/sf/opencsv/opencsv/2.1/opencsv-2.1.jar:/Users/mib/.m2/repository/commons-io/commons-io/1.4/commons-io-1.4.jar:/Users/mib/Documents/taverna-workspace/maintenance/ui/net.sf.taverna.t2.ui-components/report-view/target/report-view-1.4-SNAPSHOT.jar:/Users/mib/Documents/taverna-workspace/maintenance/engine/net.sf.taverna.t2.infrastructure/raven/target/raven-2.4-SNAPSHOT.jar:/Users/mib/Documents/taverna-workspace/maintenance/utils/net.sf.taverna.t2.lang/ui/target/ui-1.4-SNAPSHOT.jar:/Users/mib/Documents/taverna-workspace/maintenance/utils/net.sf.taverna.t2.lang/observer/target/observer-1.4-SNAPSHOT.jar:/Users/mib/Documents/taverna-workspace/maintenance/ui/net.sf.taverna.t2.ui-api/helper-api/target/helper-api-1.4-SNAPSHOT.jar:/Users/mib/.m2/repository/javax/help/javahelp/2.0.02/javahelp-2.0.02.jar:/Users/mib/Documents/taverna-workspace/maintenance/ui/net.sf.taverna.t2.ui-api/menu-api/target/menu-api-1.4-SNAPSHOT.jar:/Users/mib/Documents/taverna-workspace/maintenance/ui/net.sf.taverna.t2.ui-api/common-icons/target/common-icons-1.4-SNAPSHOT.jar:/Users/mib/Documents/taverna-workspace/maintenance/ui/net.sf.taverna.t2.ui-api/workbench-api/target/workbench-api-1.4-SNAPSHOT.jar:/Users/mib/Documents/taverna-workspace/maintenance/ui/net.sf.taverna.t2.ui-impl/workbench-impl/target/workbench-impl-1.4-SNAPSHOT.jar:/Users/mib/.m2/repository/uk/org/mygrid/taverna/osxapplication/1.5.1/osxapplication-1.5.1.jar:/Users/mib/Documents/taverna-workspace/maintenance/ui/net.sf.taverna.t2.ui-api/perspective-core/target/perspective-core-1.4-SNAPSHOT.jar:/Users/mib/Documents/taverna-workspace/maintenance/ui/net.sf.taverna.t2.ui-impl/file-impl/target/file-impl-1.4-SNAPSHOT.jar:/Users/mib/.m2/repository/commons-lang/commons-lang/2.5/commons-lang-2.5.jar:/Users/mib/Documents/taverna-workspace/maintenance/ui/net.sf.taverna.t2.ui-impl/configuration-impl/target/configuration-impl-1.4-SNAPSHOT.jar:/Users/mib/Documents/taverna-workspace/maintenance/ui/net.sf.taverna.t2.ui-impl/zaria/target/zaria-1.4-SNAPSHOT.jar:/Users/mib/Documents/taverna-workspace/maintenance/ui/net.sf.taverna.t2.ui-impl/edits-impl/target/edits-impl-1.4-SNAPSHOT.jar:/Users/mib/Documents/taverna-workspace/maintenance/ui/net.sf.taverna.t2.ui-impl/helper/target/helper-1.4-SNAPSHOT.jar:/Users/mib/.m2/repository/BrowserLauncher2/BrowserLauncher2/1.3/BrowserLauncher2-1.3.jar:/Users/mib/Documents/taverna-workspace/maintenance/ui/net.sf.taverna.t2.ui-components/workflow-view/target/workflow-view-1.4-SNAPSHOT.jar:/Users/mib/Documents/taverna-workspace/maintenance/utils/net.sf.taverna.t2.lang/io/target/io-1.4-SNAPSHOT.jar:/Users/mib/Documents/taverna-workspace/maintenance/ui/net.sf.taverna.t2.ui-api/activity-palette-api/target/activity-palette-api-1.4-SNAPSHOT.jar:/Users/mib/Documents/taverna-workspace/maintenance/utils/net.sf.taverna.t2.lang/partition/target/partition-1.4-SNAPSHOT.jar:/Users/mib/Documents/taverna-workspace/maintenance/utils/net.sf.taverna.t2.lang/beans/target/beans-1.4-SNAPSHOT.jar:/Users/mib/Documents/taverna-workspace/maintenance/ui/net.sf.taverna.t2.ui-api/contextual-views-api/target/contextual-views-api-1.4-SNAPSHOT.jar:/Users/mib/Documents/taverna-workspace/maintenance/ui/net.sf.taverna.t2.ui-api/activity-icons-api/target/activity-icons-api-1.4-SNAPSHOT.jar:/Users/mib/Documents/taverna-workspace/maintenance/ui/net.sf.taverna.t2.ui-impl/activity-tools/target/activity-tools-1.4-SNAPSHOT.jar:/Users/mib/Documents/taverna-workspace/maintenance/ui/net.sf.taverna.t2.ui-impl/menu-impl/target/menu-impl-1.4-SNAPSHOT.jar:/Users/mib/Documents/taverna-workspace/maintenance/ui/net.sf.taverna.t2.ui-components/design-ui/target/design-ui-1.4-SNAPSHOT.jar:/Users/mib/.m2/repository/junit/junit/4.8.1/junit-4.8.1.jar:"/>
    <property name="java.specification.name" value="Java Platform API Specification"/>
    <property name="java.class.version" value="50.0"/>
    <property name="sun.management.compiler" value="HotSpot 64-Bit Tiered Compilers"/>
    <property name="os.version" value="10.6.8"/>
    <property name="http.nonProxyHosts" value="local|*.local|169.254/16|*.169.254/16"/>
    <property name="user.home" value="/Users/mib"/>
    <property name="user.timezone" value=""/>
    <property name="java.awt.printerjob" value="apple.awt.CPrinterJob"/>
    <property name="java.specification.version" value="1.6"/>
    <property name="file.encoding" value="MacRoman"/>
    <property name="user.name" value="mib"/>
    <property name="java.class.path" value="/Users/mib/Documents/taverna-workspace/maintenance/engine/net.sf.taverna.t2.activities/rest-activity/target/test-classes:/Users/mib/Documents/taverna-workspace/maintenance/engine/net.sf.taverna.t2.activities/rest-activity/target/classes:/Users/mib/Documents/taverna-workspace/maintenance/engine/net.sf.taverna.t2.core/workflowmodel-api/target/workflowmodel-api-1.4-SNAPSHOT.jar:/Users/mib/Documents/taverna-workspace/maintenance/engine/net.sf.taverna.t2.core/reference-api/target/reference-api-1.4-SNAPSHOT.jar:/Users/mib/.m2/repository/org/springframework/spring-tx/2.5.4/spring-tx-2.5.4.jar:/Users/mib/.m2/repository/org/springframework/spring-beans/2.5.4/spring-beans-2.5.4.jar:/Users/mib/.m2/repository/org/springframework/spring-core/2.5.4/spring-core-2.5.4.jar:/Users/mib/Documents/taverna-workspace/maintenance/engine/net.sf.taverna.t2.infrastructure/spi-discovery-api/target/spi-discovery-api-2.4-SNAPSHOT.jar:/Users/mib/Documents/taverna-workspace/maintenance/engine/net.sf.taverna.t2.infrastructure/raven-log4j/target/raven-log4j-2.4-SNAPSHOT.jar:/Users/mib/.m2/repository/org/jdom/jdom/1.1/jdom-1.1.jar:/Users/mib/Documents/taverna-workspace/maintenance/engine/net.sf.taverna.t2.activities/activity-test-utils/target/activity-test-utils-1.4-SNAPSHOT.jar:/Users/mib/Documents/taverna-workspace/maintenance/engine/net.sf.taverna.t2.core/workflowmodel-impl/target/workflowmodel-impl-1.4-SNAPSHOT.jar:/Users/mib/.m2/repository/com/thoughtworks/xstream/xstream/1.4.1/xstream-1.4.1.jar:/Users/mib/.m2/repository/xmlpull/xmlpull/1.1.3.1/xmlpull-1.1.3.1.jar:/Users/mib/.m2/repository/xpp3/xpp3_min/1.1.4c/xpp3_min-1.1.4c.jar:/Users/mib/Documents/taverna-workspace/maintenance/engine/net.sf.taverna.t2.core/reference-impl/target/reference-impl-1.4-SNAPSHOT.jar:/Users/mib/.m2/repository/org/hibernate/hibernate/3.2.5.ga.raven/hibernate-3.2.5.ga.raven.jar:/Users/mib/.m2/repository/dom4j/dom4j/1.6.1/dom4j-1.6.1.jar:/Users/mib/.m2/repository/cglib/cglib/2.1_3/cglib-2.1_3.jar:/Users/mib/.m2/repository/asm/asm/1.5.3/asm-1.5.3.jar:/Users/mib/.m2/repository/commons-collections/commons-collections/2.1.1/commons-collections-2.1.1.jar:/Users/mib/.m2/repository/geronimo-spec/geronimo-spec-jta/1.0-M1/geronimo-spec-jta-1.0-M1.jar:/Users/mib/.m2/repository/org/springframework/spring-context/2.5.4/spring-context-2.5.4.jar:/Users/mib/.m2/repository/aopalliance/aopalliance/1.0/aopalliance-1.0.jar:/Users/mib/.m2/repository/org/springframework/spring-orm/2.5.4/spring-orm-2.5.4.jar:/Users/mib/.m2/repository/org/springframework/spring-aop/2.5.4/spring-aop-2.5.4.jar:/Users/mib/.m2/repository/org/springframework/spring-jdbc/2.5.4/spring-jdbc-2.5.4.jar:/Users/mib/.m2/repository/org/aspectj/aspectjrt/1.6.9/aspectjrt-1.6.9.jar:/Users/mib/.m2/repository/org/aspectj/aspectjweaver/1.6.9/aspectjweaver-1.6.9.jar:/Users/mib/.m2/repository/antlr/antlr/2.7.7/antlr-2.7.7.jar:/Users/mib/Documents/taverna-workspace/maintenance/engine/net.sf.taverna.t2.core.reference-core-extensions/target/reference-core-extensions-1.4-SNAPSHOT.jar:/Users/mib/.m2/repository/commons-httpclient/commons-httpclient/3.1/commons-httpclient-3.1.jar:/Users/mib/.m2/repository/commons-codec/commons-codec/1.4/commons-codec-1.4.jar:/Users/mib/.m2/repository/org/apache/httpcomponents/httpclient/4.0.1/httpclient-4.0.1.jar:/Users/mib/.m2/repository/org/apache/httpcomponents/httpcore/4.0.1/httpcore-4.0.1.jar:/Users/mib/.m2/repository/commons-logging/commons-logging/1.1.1/commons-logging-1.1.1.jar:/Users/mib/Documents/taverna-workspace/maintenance/engine/net.sf.taverna.t2.security/credential-manager/target/credential-manager-1.4-SNAPSHOT.jar:/Users/mib/.m2/repository/bouncycastle/bcprov-jdk16/140/bcprov-jdk16-140.jar:/Users/mib/Documents/taverna-workspace/maintenance/engine/net.sf.taverna.t2.infrastructure/appconfig/target/appconfig-2.4-SNAPSHOT.jar:/Users/mib/Documents/taverna-workspace/maintenance/engine/net.sf.taverna.t2.infrastructure/launcher-api/target/launcher-api-2.4-SNAPSHOT.jar:/Users/mib/Documents/taverna-workspace/maintenance/engine/net.sf.taverna.t2.infrastructure/prelauncher/target/prelauncher-2.4-SNAPSHOT.jar:/Users/mib/.m2/repository/log4j/log4j/1.2.16/log4j-1.2.16.jar:/Users/mib/Documents/taverna-workspace/maintenance/ui/net.sf.taverna.t2.ui-api/report-api/target/report-api-1.4-SNAPSHOT.jar:/Users/mib/Documents/taverna-workspace/maintenance/ui/net.sf.taverna.t2.ui-api/file-api/target/file-api-1.4-SNAPSHOT.jar:/Users/mib/Documents/taverna-workspace/maintenance/ui/net.sf.taverna.t2.ui-api/edits-api/target/edits-api-1.4-SNAPSHOT.jar:/Users/mib/Documents/taverna-workspace/maintenance/ui/net.sf.taverna.t2.ui-api/configuration-api/target/configuration-api-1.4-SNAPSHOT.jar:/Users/mib/.m2/repository/net/sf/opencsv/opencsv/2.1/opencsv-2.1.jar:/Users/mib/.m2/repository/commons-io/commons-io/1.4/commons-io-1.4.jar:/Users/mib/Documents/taverna-workspace/maintenance/ui/net.sf.taverna.t2.ui-components/report-view/target/report-view-1.4-SNAPSHOT.jar:/Users/mib/Documents/taverna-workspace/maintenance/engine/net.sf.taverna.t2.infrastructure/raven/target/raven-2.4-SNAPSHOT.jar:/Users/mib/Documents/taverna-workspace/maintenance/utils/net.sf.taverna.t2.lang/ui/target/ui-1.4-SNAPSHOT.jar:/Users/mib/Documents/taverna-workspace/maintenance/utils/net.sf.taverna.t2.lang/observer/target/observer-1.4-SNAPSHOT.jar:/Users/mib/Documents/taverna-workspace/maintenance/ui/net.sf.taverna.t2.ui-api/helper-api/target/helper-api-1.4-SNAPSHOT.jar:/Users/mib/.m2/repository/javax/help/javahelp/2.0.02/javahelp-2.0.02.jar:/Users/mib/Documents/taverna-workspace/maintenance/ui/net.sf.taverna.t2.ui-api/menu-api/target/menu-api-1.4-SNAPSHOT.jar:/Users/mib/Documents/taverna-workspace/maintenance/ui/net.sf.taverna.t2.ui-api/common-icons/target/common-icons-1.4-SNAPSHOT.jar:/Users/mib/Documents/taverna-workspace/maintenance/ui/net.sf.taverna.t2.ui-api/workbench-api/target/workbench-api-1.4-SNAPSHOT.jar:/Users/mib/Documents/taverna-workspace/maintenance/ui/net.sf.taverna.t2.ui-impl/workbench-impl/target/workbench-impl-1.4-SNAPSHOT.jar:/Users/mib/.m2/repository/uk/org/mygrid/taverna/osxapplication/1.5.1/osxapplication-1.5.1.jar:/Users/mib/Documents/taverna-workspace/maintenance/ui/net.sf.taverna.t2.ui-api/perspective-core/target/perspective-core-1.4-SNAPSHOT.jar:/Users/mib/Documents/taverna-workspace/maintenance/ui/net.sf.taverna.t2.ui-impl/file-impl/target/file-impl-1.4-SNAPSHOT.jar:/Users/mib/.m2/repository/commons-lang/commons-lang/2.5/commons-lang-2.5.jar:/Users/mib/Documents/taverna-workspace/maintenance/ui/net.sf.taverna.t2.ui-impl/configuration-impl/target/configuration-impl-1.4-SNAPSHOT.jar:/Users/mib/Documents/taverna-workspace/maintenance/ui/net.sf.taverna.t2.ui-impl/zaria/target/zaria-1.4-SNAPSHOT.jar:/Users/mib/Documents/taverna-workspace/maintenance/ui/net.sf.taverna.t2.ui-impl/edits-impl/target/edits-impl-1.4-SNAPSHOT.jar:/Users/mib/Documents/taverna-workspace/maintenance/ui/net.sf.taverna.t2.ui-impl/helper/target/helper-1.4-SNAPSHOT.jar:/Users/mib/.m2/repository/BrowserLauncher2/BrowserLauncher2/1.3/BrowserLauncher2-1.3.jar:/Users/mib/Documents/taverna-workspace/maintenance/ui/net.sf.taverna.t2.ui-components/workflow-view/target/workflow-view-1.4-SNAPSHOT.jar:/Users/mib/Documents/taverna-workspace/maintenance/utils/net.sf.taverna.t2.lang/io/target/io-1.4-SNAPSHOT.jar:/Users/mib/Documents/taverna-workspace/maintenance/ui/net.sf.taverna.t2.ui-api/activity-palette-api/target/activity-palette-api-1.4-SNAPSHOT.jar:/Users/mib/Documents/taverna-workspace/maintenance/utils/net.sf.taverna.t2.lang/partition/target/partition-1.4-SNAPSHOT.jar:/Users/mib/Documents/taverna-workspace/maintenance/utils/net.sf.taverna.t2.lang/beans/target/beans-1.4-SNAPSHOT.jar:/Users/mib/Documents/taverna-workspace/maintenance/ui/net.sf.taverna.t2.ui-api/contextual-views-api/target/contextual-views-api-1.4-SNAPSHOT.jar:/Users/mib/Documents/taverna-workspace/maintenance/ui/net.sf.taverna.t2.ui-api/activity-icons-api/target/activity-icons-api-1.4-SNAPSHOT.jar:/Users/mib/Documents/taverna-workspace/maintenance/ui/net.sf.taverna.t2.ui-impl/activity-tools/target/activity-tools-1.4-SNAPSHOT.jar:/Users/mib/Documents/taverna-workspace/maintenance/ui/net.sf.taverna.t2.ui-impl/menu-impl/target/menu-impl-1.4-SNAPSHOT.jar:/Users/mib/Documents/taverna-workspace/maintenance/ui/net.sf.taverna.t2.ui-components/design-ui/target/design-ui-1.4-SNAPSHOT.jar:/Users/mib/.m2/repository/junit/junit/4.8.1/junit-4.8.1.jar:"/>
    <property name="java.vm.specification.version" value="1.0"/>
    <property name="sun.arch.data.model" value="64"/>
    <property name="java.home" value="/System/Library/Java/JavaVirtualMachines/1.6.0.jdk/Contents/Home"/>
    <property name="sun.java.command" value="/Users/mib/Documents/taverna-workspace/maintenance/engine/net.sf.taverna.t2.activities/rest-activity/target/surefire/surefirebooter212666263180209988.jar /Users/mib/Documents/taverna-workspace/maintenance/engine/net.sf.taverna.t2.activities/rest-activity/target/surefire/surefire5356026222372824148tmp /Users/mib/Documents/taverna-workspace/maintenance/engine/net.sf.taverna.t2.activities/rest-activity/target/surefire/surefire1664278633926343174tmp"/>
    <property name="java.specification.vendor" value="Sun Microsystems Inc."/>
    <property name="user.language" value="en"/>
    <property name="awt.toolkit" value="apple.awt.CToolkit"/>
    <property name="java.vm.info" value="mixed mode"/>
    <property name="java.version" value="1.6.0_35"/>
    <property name="java.ext.dirs" value="/Library/Java/Extensions:/System/Library/Java/Extensions:/System/Library/Java/JavaVirtualMachines/1.6.0.jdk/Contents/Home/lib/ext"/>
    <property name="sun.boot.class.path" value="/System/Library/Java/JavaVirtualMachines/1.6.0.jdk/Contents/Classes/jsfd.jar:/System/Library/Java/JavaVirtualMachines/1.6.0.jdk/Contents/Classes/classes.jar:/System/Library/Frameworks/JavaVM.framework/Frameworks/JavaRuntimeSupport.framework/Resources/Java/JavaRuntimeSupport.jar:/System/Library/Java/JavaVirtualMachines/1.6.0.jdk/Contents/Classes/ui.jar:/System/Library/Java/JavaVirtualMachines/1.6.0.jdk/Contents/Classes/laf.jar:/System/Library/Java/JavaVirtualMachines/1.6.0.jdk/Contents/Classes/sunrsasign.jar:/System/Library/Java/JavaVirtualMachines/1.6.0.jdk/Contents/Classes/jsse.jar:/System/Library/Java/JavaVirtualMachines/1.6.0.jdk/Contents/Classes/jce.jar:/System/Library/Java/JavaVirtualMachines/1.6.0.jdk/Contents/Classes/charsets.jar"/>
    <property name="java.vendor" value="Apple Inc."/>
    <property name="java.awt.headless" value="true"/>
    <property name="localRepository" value="/Users/mib/.m2/repository"/>
    <property name="file.separator" value="/"/>
    <property name="java.vendor.url.bug" value="http://bugreport.apple.com/"/>
    <property name="sun.cpu.endian" value="little"/>
    <property name="sun.io.unicode.encoding" value="UnicodeLittle"/>
    <property name="mrj.version" value="1060.1.6.0_35-428"/>
    <property name="socksNonProxyHosts" value="local|*.local|169.254/16|*.169.254/16"/>
    <property name="ftp.nonProxyHosts" value="local|*.local|169.254/16|*.169.254/16"/>
    <property name="sun.cpu.isalist" value=""/>
  </properties>
  <testcase time="0.029" classname="net.sf.taverna.t2.activities.rest.URISignatureHandlerTest" name="isValid_validURI_NoPlaceholders"/>
  <testcase time="0" classname="net.sf.taverna.t2.activities.rest.URISignatureHandlerTest" name="isValid_validURI_PlaceholdersInMainPartOfURIOnly"/>
  <testcase time="0" classname="net.sf.taverna.t2.activities.rest.URISignatureHandlerTest" name="isValid_validURI_PlaceholdersInQueryStringOnly"/>
  <testcase time="0" classname="net.sf.taverna.t2.activities.rest.URISignatureHandlerTest" name="isValid_validURI_MixedPlaceholders"/>
  <testcase time="0" classname="net.sf.taverna.t2.activities.rest.URISignatureHandlerTest" name="isValid_validURI_MultipleQueryString"/>
  <testcase time="0" classname="net.sf.taverna.t2.activities.rest.URISignatureHandlerTest" name="isValid_badURI_nullURI"/>
  <testcase time="0.001" classname="net.sf.taverna.t2.activities.rest.URISignatureHandlerTest" name="isValid_badURI_emptyURI"/>
  <testcase time="0" classname="net.sf.taverna.t2.activities.rest.URISignatureHandlerTest" name="isValid_badURI_SingleOpeningSymbolNoClosingSymbol"/>
  <testcase time="0" classname="net.sf.taverna.t2.activities.rest.URISignatureHandlerTest" name="isValid_badURI_SingleClosingSymbolNoOpeningSymbol"/>
  <testcase time="0" classname="net.sf.taverna.t2.activities.rest.URISignatureHandlerTest" name="isValid_badURI_DoubleOpeningSymbolsNoClosingSymbol"/>
  <testcase time="0" classname="net.sf.taverna.t2.activities.rest.URISignatureHandlerTest" name="isValid_badURI_DoubleOpeningSymbols"/>
  <testcase time="0" classname="net.sf.taverna.t2.activities.rest.URISignatureHandlerTest" name="isValid_badURI_DoubleOpeningSymbolsSpaced"/>
  <testcase time="0" classname="net.sf.taverna.t2.activities.rest.URISignatureHandlerTest" name="isValid_badURI_DoubleClosingSymbols"/>
  <testcase time="0" classname="net.sf.taverna.t2.activities.rest.URISignatureHandlerTest" name="isValid_badURI_DoubleClosingSymbolsSpaced"/>
  <testcase time="0" classname="net.sf.taverna.t2.activities.rest.URISignatureHandlerTest" name="isValid_badURI_NestedPlaceholders"/>
  <testcase time="0.001" classname="net.sf.taverna.t2.activities.rest.URISignatureHandlerTest" name="isValid_badURI_NestedPlaceholdersSpaced"/>
  <testcase time="0.001" classname="net.sf.taverna.t2.activities.rest.URISignatureHandlerTest" name="isValid_badURI_DuplicatePlaceholders"/>
  <testcase time="0" classname="net.sf.taverna.t2.activities.rest.URISignatureHandlerTest" name="isValid_badURI_DuplicatePlaceholdersWithOthers"/>
  <testcase time="0.001" classname="net.sf.taverna.t2.activities.rest.URISignatureHandlerTest" name="validate_validURI_NoPlaceholders"/>
  <testcase time="0" classname="net.sf.taverna.t2.activities.rest.URISignatureHandlerTest" name="validate_validURI_PlaceholdersInMainPartOfURIOnly"/>
  <testcase time="0.001" classname="net.sf.taverna.t2.activities.rest.URISignatureHandlerTest" name="validate_validURI_PlaceholdersInQueryStringOnly"/>
  <testcase time="0" classname="net.sf.taverna.t2.activities.rest.URISignatureHandlerTest" name="validate_validURI_MixedPlaceholders"/>
  <testcase time="0" classname="net.sf.taverna.t2.activities.rest.URISignatureHandlerTest" name="validate_validURI_validURI_Multiple"/>
  <testcase time="0" classname="net.sf.taverna.t2.activities.rest.URISignatureHandlerTest" name="validate_badURI_nullURI"/>
  <testcase time="0" classname="net.sf.taverna.t2.activities.rest.URISignatureHandlerTest" name="validate_badURI_emptyURI"/>
  <testcase time="0" classname="net.sf.taverna.t2.activities.rest.URISignatureHandlerTest" name="validate_badURI_SingleOpeningSymbolNoClosingSymbol"/>
  <testcase time="0" classname="net.sf.taverna.t2.activities.rest.URISignatureHandlerTest" name="validate_badURI_SingleClosingSymbolNoOpeningSymbol"/>
  <testcase time="0" classname="net.sf.taverna.t2.activities.rest.URISignatureHandlerTest" name="validate_badURI_DoubleOpeningSymbolsNoClosingSymbol"/>
  <testcase time="0" classname="net.sf.taverna.t2.activities.rest.URISignatureHandlerTest" name="validate_badURI_DoubleOpeningSymbols"/>
  <testcase time="0" classname="net.sf.taverna.t2.activities.rest.URISignatureHandlerTest" name="validate_badURI_DoubleOpeningSymbolsSpaced"/>
  <testcase time="0" classname="net.sf.taverna.t2.activities.rest.URISignatureHandlerTest" name="validate_badURI_DoubleClosingSymbols"/>
  <testcase time="0" classname="net.sf.taverna.t2.activities.rest.URISignatureHandlerTest" name="validate_badURI_DoubleClosingSymbolsSpaced"/>
  <testcase time="0" classname="net.sf.taverna.t2.activities.rest.URISignatureHandlerTest" name="validate_badURI_NestedPlaceholders"/>
  <testcase time="0" classname="net.sf.taverna.t2.activities.rest.URISignatureHandlerTest" name="validate_badURI_NestedPlaceholdersSpaced"/>
  <testcase time="0" classname="net.sf.taverna.t2.activities.rest.URISignatureHandlerTest" name="validate_badURI_DuplicatePlaceholders"/>
  <testcase time="0.001" classname="net.sf.taverna.t2.activities.rest.URISignatureHandlerTest" name="validate_badURI_DuplicatePlaceholdersWithOthers"/>
  <testcase time="0" classname="net.sf.taverna.t2.activities.rest.URISignatureHandlerTest" name="extractPlaceholders_validURI_NoPlaceholders"/>
  <testcase time="0.001" classname="net.sf.taverna.t2.activities.rest.URISignatureHandlerTest" name="extractPlaceholders_validURI_PlaceholdersInMainPartOfURIOnly"/>
  <testcase time="0" classname="net.sf.taverna.t2.activities.rest.URISignatureHandlerTest" name="extractPlaceholders_validURI_PlaceholdersInQueryStringOnly"/>
  <testcase time="0" classname="net.sf.taverna.t2.activities.rest.URISignatureHandlerTest" name="extractPlaceholders_validURI_MixedPlaceholders"/>
  <testcase time="0" classname="net.sf.taverna.t2.activities.rest.URISignatureHandlerTest" name="extractPlaceholders_validURI_MultipleQueryString"/>
  <testcase time="0" classname="net.sf.taverna.t2.activities.rest.URISignatureHandlerTest" name="extractPlaceholders_badURI_nullURI"/>
  <testcase time="0" classname="net.sf.taverna.t2.activities.rest.URISignatureHandlerTest" name="extractPlaceholders_badURI_emptyURI"/>
  <testcase time="0" classname="net.sf.taverna.t2.activities.rest.URISignatureHandlerTest" name="extractPlaceholders_badURI_SingleOpeningSymbolNoClosingSymbol"/>
  <testcase time="0" classname="net.sf.taverna.t2.activities.rest.URISignatureHandlerTest" name="extractPlaceholders_badURI_SingleClosingSymbolNoOpeningSymbol"/>
  <testcase time="0" classname="net.sf.taverna.t2.activities.rest.URISignatureHandlerTest" name="extractPlaceholders_badURI_DoubleOpeningSymbolsNoClosingSymbol"/>
  <testcase time="0" classname="net.sf.taverna.t2.activities.rest.URISignatureHandlerTest" name="extractPlaceholders_badURI_DoubleOpeningSymbols"/>
  <testcase time="0" classname="net.sf.taverna.t2.activities.rest.URISignatureHandlerTest" name="extractPlaceholders_badURI_DoubleOpeningSymbolsSpaced"/>
  <testcase time="0.001" classname="net.sf.taverna.t2.activities.rest.URISignatureHandlerTest" name="extractPlaceholders_badURI_DoubleClosingSymbols"/>
  <testcase time="0" classname="net.sf.taverna.t2.activities.rest.URISignatureHandlerTest" name="extractPlaceholders_badURI_DoubleClosingSymbolsSpaced"/>
  <testcase time="0.001" classname="net.sf.taverna.t2.activities.rest.URISignatureHandlerTest" name="extractPlaceholders_badURI_NestedPlaceholders"/>
  <testcase time="0" classname="net.sf.taverna.t2.activities.rest.URISignatureHandlerTest" name="extractPlaceholders_badURI_NestedPlaceholdersSpaced"/>
  <testcase time="0" classname="net.sf.taverna.t2.activities.rest.URISignatureHandlerTest" name="extractPlaceholders_badURI_DuplicatePlaceholders"/>
  <testcase time="0" classname="net.sf.taverna.t2.activities.rest.URISignatureHandlerTest" name="extractPlaceholders_badURI_DuplicatePlaceholdersWithOthers"/>
  <testcase time="0.001" classname="net.sf.taverna.t2.activities.rest.URISignatureHandlerTest" name="generateCompleteURI_successfulURIGeneration"/>
  <testcase time="0.002" classname="net.sf.taverna.t2.activities.rest.URISignatureHandlerTest" name="generateCompleteURI_successfulURIGeneration_URLParameterEscaping"/>
  <testcase time="0.001" classname="net.sf.taverna.t2.activities.rest.URISignatureHandlerTest" name="generateCompleteURI_successfulURIGeneration_noURLParameterEscaping"/>
  <testcase time="0.003" classname="net.sf.taverna.t2.activities.rest.URISignatureHandlerTest" name="generateCompleteURI_successfulURIGeneration_optionalParams"/>
  <testcase time="0" classname="net.sf.taverna.t2.activities.rest.URISignatureHandlerTest" name="generateCompleteURI_signatureWithNoPlaceholders_nullParameterMap"/>
  <testcase time="0.001" classname="net.sf.taverna.t2.activities.rest.URISignatureHandlerTest" name="generateCompleteURI_signatureWithNoPlaceholders_emptyParameterMap"/>
  <testcase time="0" classname="net.sf.taverna.t2.activities.rest.URISignatureHandlerTest" name="generateCompleteURI_signatureWithPlaceholders_nullParameterMap"/>
  <testcase time="0" classname="net.sf.taverna.t2.activities.rest.URISignatureHandlerTest" name="generateCompleteURI_signatureWithPlaceholders_emptyParameterMap"/>
  <testcase time="0.001" classname="net.sf.taverna.t2.activities.rest.URISignatureHandlerTest" name="generateCompleteURI_signatureWithPlaceholders_missingParameterURIGeneration_FailureNotExpected"/>
  <testcase time="0.001" classname="net.sf.taverna.t2.activities.rest.URISignatureHandlerTest" name="generateCompleteURI_duplicatePlaceholderURIGeneration_FailureExpected"/>
  <testcase time="0.002" classname="net.sf.taverna.t2.activities.rest.URISignatureHandlerTest" name="generateCompleteURI_failureURIGeneration_optionalParams"/>
</testsuite>